# JRE version: OpenJDK Runtime Environment (13.0+33) (build 13-BellSoft+33)
# Java VM: OpenJDK Server VM (13-BellSoft+33, mixed mode, g1 gc, linux-arm)
Heap:
 garbage-first heap   total 414720K, used 246737K [0x33c00000, 0x73c00000)
  region size 1024K, 14 young (14336K), 3 survivors (3072K)
 Metaspace       used 39061K, capacity 40172K, committed 40192K, reserved 40240K
GC Heap History (20 events):
Event: 114.349 GC heap before
{Heap before GC invocations=82 (full 0):
 garbage-first heap   total 312320K, used 186638K [0x33c00000, 0x73c00000)
  region size 1024K, 49 young (50176K), 11 survivors (11264K)
 Metaspace       used 37626K, capacity 38750K, committed 38784K, reserved 39216K
}
Event: 114.535 GC heap after
{Heap after GC invocations=83 (full 0):
 garbage-first heap   total 317440K, used 153620K [0x33c00000, 0x73c00000)
  region size 1024K, 6 young (6144K), 6 survivors (6144K)
 Metaspace       used 37626K, capacity 38750K, committed 38784K, reserved 39216K
}
Event: 117.317 GC heap before
{Heap before GC invocations=84 (full 0):
 garbage-first heap   total 317440K, used 215060K [0x33c00000, 0x73c00000)
  region size 1024K, 67 young (68608K), 6 survivors (6144K)
 Metaspace       used 38817K, capacity 39974K, committed 40064K, reserved 40240K
}
Event: 117.437 GC heap after
{Heap after GC invocations=85 (full 0):
 garbage-first heap   total 317440K, used 158720K [0x33c00000, 0x73c00000)
  region size 1024K, 9 young (9216K), 9 survivors (9216K)
 Metaspace       used 38817K, capacity 39974K, committed 40064K, reserved 40240K
}
Event: 119.334 GC heap before
{Heap before GC invocations=85 (full 0):
 garbage-first heap   total 317440K, used 199680K [0x33c00000, 0x73c00000)
  region size 1024K, 49 young (50176K), 9 survivors (9216K)
 Metaspace       used 39042K, capacity 40172K, committed 40192K, reserved 40240K
}
Event: 119.466 GC heap after
{Heap after GC invocations=86 (full 0):
 garbage-first heap   total 317440K, used 163712K [0x33c00000, 0x73c00000)
  region size 1024K, 5 young (5120K), 5 survivors (5120K)
 Metaspace       used 39042K, capacity 40172K, committed 40192K, reserved 40240K
}
Event: 122.339 GC heap before
{Heap before GC invocations=86 (full 0):
 garbage-first heap   total 337920K, used 222080K [0x33c00000, 0x73c00000)
  region size 1024K, 62 young (63488K), 5 survivors (5120K)
 Metaspace       used 39042K, capacity 40172K, committed 40192K, reserved 40240K
}
Event: 122.481 GC heap after
{Heap after GC invocations=87 (full 0):
 garbage-first heap   total 337920K, used 169979K [0x33c00000, 0x73c00000)
  region size 1024K, 7 young (7168K), 7 survivors (7168K)
 Metaspace       used 39042K, capacity 40172K, committed 40192K, reserved 40240K
}
Event: 124.687 GC heap before
{Heap before GC invocations=88 (full 0):
 garbage-first heap   total 337920K, used 218107K [0x33c00000, 0x73c00000)
  region size 1024K, 54 young (55296K), 7 survivors (7168K)
 Metaspace       used 39042K, capacity 40172K, committed 40192K, reserved 40240K
}
Event: 124.782 GC heap after
{Heap after GC invocations=89 (full 0):
 garbage-first heap   total 337920K, used 175959K [0x33c00000, 0x73c00000)
  region size 1024K, 6 young (6144K), 6 survivors (6144K)
 Metaspace       used 39042K, capacity 40172K, committed 40192K, reserved 40240K
}
Event: 127.282 GC heap before
{Heap before GC invocations=89 (full 0):
 garbage-first heap   total 337920K, used 248663K [0x33c00000, 0x73c00000)
  region size 1024K, 78 young (79872K), 6 survivors (6144K)
 Metaspace       used 39042K, capacity 40172K, committed 40192K, reserved 40240K
}
Event: 127.374 GC heap after
{Heap after GC invocations=90 (full 0):
 garbage-first heap   total 337920K, used 180862K [0x33c00000, 0x73c00000)
  region size 1024K, 5 young (5120K), 5 survivors (5120K)
 Metaspace       used 39042K, capacity 40172K, committed 40192K, reserved 40240K
}
Event: 140.322 GC heap before
{Heap before GC invocations=91 (full 0):
 garbage-first heap   total 355328K, used 230014K [0x33c00000, 0x73c00000)
  region size 1024K, 55 young (56320K), 5 survivors (5120K)
 Metaspace       used 39057K, capacity 40172K, committed 40192K, reserved 40240K
}
Event: 140.563 GC heap after
{Heap after GC invocations=92 (full 0):
 garbage-first heap   total 355328K, used 192512K [0x33c00000, 0x73c00000)
  region size 1024K, 9 young (9216K), 9 survivors (9216K)
 Metaspace       used 39057K, capacity 40172K, committed 40192K, reserved 40240K
}
Event: 143.816 GC heap before
{Heap before GC invocations=92 (full 0):
 garbage-first heap   total 355328K, used 203776K [0x33c00000, 0x73c00000)
  region size 1024K, 17 young (17408K), 9 survivors (9216K)
 Metaspace       used 39057K, capacity 40172K, committed 40192K, reserved 40240K
}
Event: 144.162 GC heap after
{Heap after GC invocations=93 (full 0):
 garbage-first heap   total 355328K, used 204034K [0x33c00000, 0x73c00000)
  region size 1024K, 3 young (3072K), 3 survivors (3072K)
 Metaspace       used 39057K, capacity 40172K, committed 40192K, reserved 40240K
}
Event: 147.477 GC heap before
{Heap before GC invocations=94 (full 0):
 garbage-first heap   total 355328K, used 225538K [0x33c00000, 0x73c00000)
  region size 1024K, 17 young (17408K), 3 survivors (3072K)
 Metaspace       used 39057K, capacity 40172K, committed 40192K, reserved 40240K
}
Event: 147.948 GC heap after
{Heap after GC invocations=95 (full 0):
 garbage-first heap   total 355328K, used 227200K [0x33c00000, 0x73c00000)
  region size 1024K, 3 young (3072K), 3 survivors (3072K)
 Metaspace       used 39057K, capacity 40172K, committed 40192K, reserved 40240K
}
Event: 148.306 GC heap before
{Heap before GC invocations=95 (full 0):
 garbage-first heap   total 355328K, used 228224K [0x33c00000, 0x73c00000)
  region size 1024K, 6 young (6144K), 3 survivors (3072K)
 Metaspace       used 39057K, capacity 40172K, committed 40192K, reserved 40240K
}
Event: 148.507 GC heap after
{Heap after GC invocations=96 (full 0):
 garbage-first heap   total 360448K, used 231377K [0x33c00000, 0x73c00000)
  region size 1024K, 3 young (3072K), 3 survivors (3072K)
 Metaspace       used 39057K, capacity 40172K, committed 40192K, reserved 40240K
}

